<?xml version="1.0" encoding="UTF-8"?>
<testng-results ignored="7" total="8" passed="1" failed="0" skipped="0">
  <reporter-output>
  </reporter-output>
  <suite started-at="2021-10-20T06:03:14Z" name="Suite" finished-at="2021-10-20T06:03:14Z" duration-ms="35">
    <groups>
      <group name="smoke">
        <method signature="One.m1()[pri:0, instance:package1.One@b978d10]" name="m1" class="package1.One"/>
      </group> <!-- smoke -->
    </groups>
    <test started-at="2021-10-20T06:03:14Z" name="Test" finished-at="2021-10-20T06:03:14Z" duration-ms="35">
      <class name="package1.One">
        <test-method signature="m1()[pri:0, instance:package1.One@b978d10]" started-at="2021-10-20T06:03:14Z" name="m1" description="method m1" finished-at="2021-10-20T06:03:14Z" duration-ms="10" status="PASS">
          <reporter-output>
          </reporter-output>
        </test-method> <!-- m1 -->
      </class> <!-- package1.One -->
    </test> <!-- Test -->
  </suite> <!-- Suite -->
</testng-results>
